<?xml version="1.0" encoding="UTF-8"?>
<!-- Generated by org.testng.reporters.JUnitReportReporter -->
<testsuite hostname="RR23" failures="0" tests="6" name="loginTest.Login" time="61.449" errors="0" timestamp="2024-05-11T21:04:17 GMT+05:30" skipped="0">
  <testcase classname="loginTest.Login" name="login" time="12.739"/>
  <system-out/>
  <testcase classname="loginTest.Login" name="login" time="12.649"/>
  <system-out/>
  <testcase classname="loginTest.Login" name="login" time="9.128"/>
  <system-out/>
  <testcase classname="loginTest.Login" name="login" time="9.150"/>
  <system-out/>
  <testcase classname="loginTest.Login" name="login" time="9.000"/>
  <system-out/>
  <testcase classname="loginTest.Login" name="login" time="8.783"/>
  <system-out/>
</testsuite> <!-- loginTest.Login -->
