<?xml version="1.0" encoding="UTF-8"?>
<!-- Generated by org.testng.reporters.JUnitReportReporter -->
<testsuite hostname="Aishwarya" failures="0" tests="6" name="loginTest.Login" time="31.781" errors="0" timestamp="2024-01-23T17:58:27 IST" skipped="0">
  <testcase classname="loginTest.Login" name="login" time="12.620"/>
  <system-out/>
  <testcase classname="loginTest.Login" name="login" time="4.021"/>
  <system-out/>
  <testcase classname="loginTest.Login" name="login" time="3.603"/>
  <system-out/>
  <testcase classname="loginTest.Login" name="login" time="3.841"/>
  <system-out/>
  <testcase classname="loginTest.Login" name="login" time="3.819"/>
  <system-out/>
  <testcase classname="loginTest.Login" name="login" time="3.877"/>
  <system-out/>
</testsuite> <!-- loginTest.Login -->
